[ 2024-05-09 14:48:23,327 ] 23 root - INFO - Data_ingestion initiated
[ 2024-05-09 14:48:23,573 ] 26 root - INFO - Read the data successfully
[ 2024-05-09 14:48:24,615 ] 30 root - INFO - Saved data to artifacts folder
[ 2024-05-09 14:48:24,984 ] 33 root - INFO - Performed train and test split
[ 2024-05-09 14:48:25,895 ] 38 root - INFO - data ingestion completed
[ 2024-05-09 14:48:26,081 ] 119 root - INFO - Read training and testing datasets
[ 2024-05-09 14:48:26,135 ] 120 root - INFO - Training dataset:
       id  carat        cut color clarity  depth  table     x     y     z  price
0   73646   0.38      Ideal     G     SI1   61.1   57.0  4.67  4.72  2.86    917
1   83077   1.73       Good     D     SI2   59.3   60.0  7.93  7.88  4.64  10847
2  185081   0.38      Ideal     E     SI1   61.9   56.0  4.66  4.69  2.89    810
3    1197   0.31      Ideal     G      IF   61.9   55.0  4.38  4.42  2.72    891
4   15785   1.01  Very Good     D     SI2   63.9   58.0  6.29  6.32  4.03   4072
[ 2024-05-09 14:48:26,139 ] 121 root - INFO - Testing dataset:
       id  carat        cut color clarity  depth  table     x     y     z  price
0   73646   0.38      Ideal     G     SI1   61.1   57.0  4.67  4.72  2.86    917
1   83077   1.73       Good     D     SI2   59.3   60.0  7.93  7.88  4.64  10847
2  185081   0.38      Ideal     E     SI1   61.9   56.0  4.66  4.69  2.89    810
3    1197   0.31      Ideal     G      IF   61.9   55.0  4.38  4.42  2.72    891
4   15785   1.01  Very Good     D     SI2   63.9   58.0  6.29  6.32  4.03   4072
[ 2024-05-09 14:48:26,139 ] 74 root - INFO - Initiated transformation
[ 2024-05-09 14:48:26,139 ] 76 root - INFO - Pipeline Initiated
[ 2024-05-09 14:48:26,170 ] 36 root - INFO - Started calculating new features
[ 2024-05-09 14:48:26,192 ] 47 root - INFO - Calculated new features
[ 2024-05-09 14:48:26,196 ] 136 root - INFO - new fetaures added:
   carat        cut color clarity  depth  table     x     y     z      volume   density  table_percentage  depth_percentage  symmetry  surface_area  depth_to_table_ratio
0   0.38      Ideal     G     SI1   61.1   57.0  4.67  4.72  2.86   63.041264  0.006028       1214.057508       1301.384452  0.299592       97.7956              1.071930
1   1.73       Good     D     SI2   59.3   60.0  7.93  7.88  4.64  289.946176  0.005967        759.013283        750.158128  0.319315      271.6936              0.988333
2   0.38      Ideal     E     SI1   61.9   56.0  4.66  4.69  2.89   63.162106  0.006016       1197.860963       1324.064171  0.291667       97.7538              1.105357
3   0.31      Ideal     G      IF   61.9   55.0  4.38  4.42  2.72   52.658112  0.005887       1250.000000       1406.818182  0.291667       86.5912              1.125455
4   1.01  Very Good     D     SI2   63.9   58.0  6.29  6.32  4.03  160.203784  0.006304        919.904837       1013.481364  0.273438      181.1422              1.101724
[ 2024-05-09 14:48:26,196 ] 52 root - INFO - Started calculating new features 1
[ 2024-05-09 14:48:26,222 ] 138 root - INFO - Some other new fetaures added:
   carat        cut color clarity  depth  table     x     y     z      volume   density  table_percentage  depth_percentage  symmetry  surface_area  depth_to_table_ratio  depth_to_diameter_ratio  ddr_refrac_disper  volume_to_surface_area_ratio  vsa_refrac_disper     radius  curv_refrac_disper  thickness  thick_refrac_disper
0   0.38      Ideal     G     SI1   61.1   57.0  4.67  4.72  2.86   63.041264  0.006028       1214.057508       1301.384452  0.299592       97.7956              1.071930                13.013843           1.746848                      0.006667           0.000895   7.229585            0.018567     -1.835            -0.246312
1   1.73       Good     D     SI2   59.3   60.0  7.93  7.88  4.64  289.946176  0.005967        759.013283        750.158128  0.319315      271.6936              0.988333                 7.501581           1.006937                      0.028833           0.003870  12.104086            0.011090     -3.265            -0.438261
2   0.38      Ideal     E     SI1   61.9   56.0  4.66  4.69  2.89   63.162106  0.006016       1197.860963       1324.064171  0.291667       97.7538              1.105357                13.240640           1.777291                      0.006786           0.000911   7.215525            0.018603     -1.785            -0.239601
3   0.31      Ideal     G      IF   61.9   55.0  4.38  4.42  2.72   52.658112  0.005887       1250.000000       1406.818182  0.291667       86.5912              1.125455                14.068180           1.888372                      0.005636           0.000757   6.791112            0.019766     -1.680            -0.225506
4   1.01  Very Good     D     SI2   63.9   58.0  6.29  6.32  4.03  160.203784  0.006304        919.904837       1013.481364  0.273438      181.1422              1.101724                10.134813           1.360396                      0.017414           0.002337   9.785060            0.013718     -2.275            -0.305373
[ 2024-05-09 14:48:26,243 ] 162 root - INFO - Error occured during initaiate_data_transformation
