[ 2024-05-10 13:15:52,458 ] 23 root - INFO - Data_ingestion initiated
[ 2024-05-10 13:15:52,615 ] 26 root - INFO - Read the data successfully
[ 2024-05-10 13:15:53,553 ] 30 root - INFO - Saved data to artifacts folder
[ 2024-05-10 13:15:53,575 ] 33 root - INFO - Performed train and test split
[ 2024-05-10 13:15:53,575 ] 34 root - INFO - shape of training set:(145179, 11)
[ 2024-05-10 13:15:53,575 ] 35 root - INFO - shape of training set:(48394, 11)
[ 2024-05-10 13:15:54,461 ] 40 root - INFO - data ingestion completed
[ 2024-05-10 13:15:54,639 ] 121 root - INFO - Read training and testing datasets
[ 2024-05-10 13:15:54,643 ] 122 root - INFO - Training dataset:
       id  carat        cut color clarity  depth  table     x     y     z  price
0   73646   0.38      Ideal     G     SI1   61.1   57.0  4.67  4.72  2.86    917
1   83077   1.73       Good     D     SI2   59.3   60.0  7.93  7.88  4.64  10847
2  185081   0.38      Ideal     E     SI1   61.9   56.0  4.66  4.69  2.89    810
3    1197   0.31      Ideal     G      IF   61.9   55.0  4.38  4.42  2.72    891
4   15785   1.01  Very Good     D     SI2   63.9   58.0  6.29  6.32  4.03   4072
[ 2024-05-10 13:15:54,646 ] 123 root - INFO - Testing dataset:
       id  carat    cut color clarity  depth  table     x     y     z  price
0  190483   0.42  Ideal     D     SI2   61.9   54.0  4.82  4.84  2.99    841
1   14577   0.41  Ideal     J     VS2   62.0   55.0  4.72  4.76  2.94    705
2  126493   0.32  Ideal     G    VVS1   61.7   56.0  4.40  4.43  2.72    863
3    9669   0.30  Ideal     I     VS2   62.0   57.0  4.33  4.30  2.67    473
4   90121   1.01  Ideal     G     SI2   62.2   56.0  6.38  6.45  3.99   4752
[ 2024-05-10 13:15:54,646 ] 76 root - INFO - Initiated transformation
[ 2024-05-10 13:15:54,646 ] 78 root - INFO - Pipeline Initiated
[ 2024-05-10 13:15:54,653 ] 135 root - INFO - shape of input feature test set:(48394, 9)
[ 2024-05-10 13:15:54,654 ] 36 root - INFO - Started calculating new features
[ 2024-05-10 13:15:54,678 ] 47 root - INFO - Calculated new features
[ 2024-05-10 13:15:54,681 ] 140 root - INFO - new fetaures added:
   carat        cut color clarity  depth  table     x     y     z      volume   density  table_percentage  depth_percentage  symmetry  surface_area  depth_to_table_ratio
0   0.38      Ideal     G     SI1   61.1   57.0  4.67  4.72  2.86   63.041264  0.006028       1214.057508       1301.384452  0.299592       97.7956              1.071930
1   1.73       Good     D     SI2   59.3   60.0  7.93  7.88  4.64  289.946176  0.005967        759.013283        750.158128  0.319315      271.6936              0.988333
2   0.38      Ideal     E     SI1   61.9   56.0  4.66  4.69  2.89   63.162106  0.006016       1197.860963       1324.064171  0.291667       97.7538              1.105357
3   0.31      Ideal     G      IF   61.9   55.0  4.38  4.42  2.72   52.658112  0.005887       1250.000000       1406.818182  0.291667       86.5912              1.125455
4   1.01  Very Good     D     SI2   63.9   58.0  6.29  6.32  4.03  160.203784  0.006304        919.904837       1013.481364  0.273438      181.1422              1.101724
[ 2024-05-10 13:15:54,682 ] 52 root - INFO - Started calculating new features 1
[ 2024-05-10 13:15:54,704 ] 142 root - INFO - Some other new fetaures added:
   carat        cut color clarity  depth  table     x     y     z      volume   density  table_percentage  depth_percentage  symmetry  surface_area  depth_to_table_ratio  depth_to_diameter_ratio  ddr_refrac_disper  volume_to_surface_area_ratio  vsa_refrac_disper     radius  curv_refrac_disper  thickness  thick_refrac_disper
0   0.38      Ideal     G     SI1   61.1   57.0  4.67  4.72  2.86   63.041264  0.006028       1214.057508       1301.384452  0.299592       97.7956              1.071930                13.013843           1.746848                      0.006667           0.000895   7.229585            0.018567     -1.835            -0.246312
1   1.73       Good     D     SI2   59.3   60.0  7.93  7.88  4.64  289.946176  0.005967        759.013283        750.158128  0.319315      271.6936              0.988333                 7.501581           1.006937                      0.028833           0.003870  12.104086            0.011090     -3.265            -0.438261
2   0.38      Ideal     E     SI1   61.9   56.0  4.66  4.69  2.89   63.162106  0.006016       1197.860963       1324.064171  0.291667       97.7538              1.105357                13.240640           1.777291                      0.006786           0.000911   7.215525            0.018603     -1.785            -0.239601
3   0.31      Ideal     G      IF   61.9   55.0  4.38  4.42  2.72   52.658112  0.005887       1250.000000       1406.818182  0.291667       86.5912              1.125455                14.068180           1.888372                      0.005636           0.000757   6.791112            0.019766     -1.680            -0.225506
4   1.01  Very Good     D     SI2   63.9   58.0  6.29  6.32  4.03  160.203784  0.006304        919.904837       1013.481364  0.273438      181.1422              1.101724                10.134813           1.360396                      0.017414           0.002337   9.785060            0.013718     -2.275            -0.305373
[ 2024-05-10 13:15:54,705 ] 36 root - INFO - Started calculating new features
[ 2024-05-10 13:15:54,711 ] 47 root - INFO - Calculated new features
[ 2024-05-10 13:15:54,714 ] 146 root - INFO - new fetaures added to test:
   carat    cut color clarity  depth  table     x     y     z      volume   density  table_percentage  depth_percentage  symmetry  surface_area  depth_to_table_ratio
0   0.42  Ideal     D     SI2   61.9   54.0  4.82  4.84  2.99   69.753112  0.006021       1118.012422       1281.573499  0.290909      104.4244              1.146296
1   0.41  Ideal     J     VS2   62.0   55.0  4.72  4.76  2.94   66.053568  0.006207       1160.337553       1308.016878  0.289855      100.6768              1.127273
2   0.32  Ideal     G    VVS1   61.7   56.0  4.40  4.43  2.72   53.018240  0.006036       1268.403171       1397.508494  0.293506       87.0192              1.101786
3   0.30  Ideal     I     VS2   62.0   57.0  4.33  4.30  2.67   49.712730  0.006035       1320.973349       1436.848204  0.291150       83.3222              1.087719
4   1.01  Ideal     G     SI2   62.2   56.0  6.38  6.45  3.99  164.192490  0.006151        872.954014        969.602494  0.288347      184.6854              1.110714
[ 2024-05-10 13:15:54,714 ] 52 root - INFO - Started calculating new features 1
[ 2024-05-10 13:15:54,724 ] 148 root - INFO - Some other new fetaures added to test:
   carat    cut color clarity  depth  table     x     y     z      volume   density  table_percentage  depth_percentage  symmetry  surface_area  depth_to_table_ratio  depth_to_diameter_ratio  ddr_refrac_disper  volume_to_surface_area_ratio  vsa_refrac_disper    radius  curv_refrac_disper  thickness  thick_refrac_disper
0   0.42  Ideal     D     SI2   61.9   54.0  4.82  4.84  2.99   69.753112  0.006021       1118.012422       1281.573499  0.290909      104.4244              1.146296                12.815734           1.720256                      0.007778           0.001044  7.456413            0.018002     -1.840            -0.246983
1   0.41  Ideal     J     VS2   62.0   55.0  4.72  4.76  2.94   66.053568  0.006207       1160.337553       1308.016878  0.289855      100.6768              1.127273                13.080167           1.755751                      0.007455           0.001001  7.319809            0.018338     -1.800            -0.241614
2   0.32  Ideal     G    VVS1   61.7   56.0  4.40  4.43  2.72   53.018240  0.006036       1268.403171       1397.508494  0.293506       87.0192              1.101786                13.975083           1.875875                      0.005714           0.000767  6.810529            0.019709     -1.695            -0.227520
3   0.30  Ideal     I     VS2   62.0   57.0  4.33  4.30  2.67   49.712730  0.006035       1320.973349       1436.848204  0.291150       83.3222              1.087719                14.368480           1.928681                      0.005263           0.000706  6.660916            0.020152     -1.645            -0.220808
4   1.01  Ideal     G     SI2   62.2   56.0  6.38  6.45  3.99  164.192490  0.006151        872.954014        969.602494  0.288347      184.6854              1.110714                 9.696024           1.301497                      0.018036           0.002421  9.910954            0.013544     -2.425            -0.325508
[ 2024-05-10 13:15:54,954 ] 151 root - INFO - after preprocessing training
[[-0.88640237 -0.66481168 -0.1180641  ...  0.87137427  0.29877091
  -0.64951916]
 [ 2.03198707 -2.32710455  1.44669541 ... -2.14640352 -1.54965924
  -1.31497583]
 [-0.88640237  0.07398515 -0.6396506  ...  0.87137427 -0.93351586
  -0.64951916]
 ...
 [-0.79993157 -0.38776287  1.44669541 ... -1.14047759 -0.31737247
   0.01593752]
 [-0.12978288  1.64392842 -0.6396506  ... -1.14047759 -1.54965924
  -1.31497583]
 [-0.45404838  0.44338357 -1.6828236  ...  0.87137427  0.29877091
  -0.64951916]]
[ 2024-05-10 13:15:54,954 ] 152 root - INFO - after preprocessing training
(145179, 9)
[ 2024-05-10 13:15:55,013 ] 154 root - INFO - traget training features shape
(145179,)
[ 2024-05-10 13:15:55,013 ] 155 root - INFO - traget testing features shape
(48394,)
[ 2024-05-10 13:15:55,013 ] 156 root - INFO - after preprocessing testing
(48394, 9)
[ 2024-05-10 13:15:55,013 ] 157 root - INFO - Applying preprocessing object on training and testing datasets.
[ 2024-05-10 13:15:55,019 ] 160 root - INFO - after preprocessing testing
[[-8.86402367e-01 -6.64811682e-01 -1.18064099e-01 ...  2.98770910e-01
  -6.49519158e-01  9.17000000e+02]
 [ 2.03198707e+00 -2.32710455e+00  1.44669541e+00 ... -1.54965924e+00
  -1.31497583e+00  1.08470000e+04]
 [-8.86402367e-01  7.39851500e-02 -6.39650600e-01 ... -9.33515858e-01
  -6.49519158e-01  8.10000000e+02]
 ...
 [-7.99931569e-01 -3.87762870e-01  1.44669541e+00 ... -3.17372474e-01
   1.59375176e-02  1.02600000e+03]
 [-1.29782883e-01  1.64392842e+00 -6.39650600e-01 ... -1.54965924e+00
  -1.31497583e+00  2.15500000e+03]
 [-4.54048376e-01  4.43383566e-01 -1.68282360e+00 ...  2.98770910e-01
  -6.49519158e-01  1.37600000e+03]]
[ 2024-05-10 13:15:55,019 ] 161 root - INFO - after preprocessing testing
(145179, 10)
[ 2024-05-10 13:15:55,021 ] 169 root - INFO - preprocessing pickle file saved
